0 info it worked if it ends with ok
1 verbose cli [ 'C:\\Program Files\\nodejs\\node.exe',
1 verbose cli   'C:\\Program Files\\nodejs\\node_modules\\npm\\bin\\npm-cli.js',
1 verbose cli   'install',
1 verbose cli   'jquery' ]
2 info using npm@3.10.8
3 info using node@v7.0.0
4 silly loadCurrentTree Starting
5 silly install loadCurrentTree
6 silly install readLocalPackageData
7 silly fetchPackageMetaData jquery
8 silly fetchNamedPackageData jquery
9 silly mapToRegistry name jquery
10 silly mapToRegistry using default registry
11 silly mapToRegistry registry https://registry.npmjs.org/
12 silly mapToRegistry data Result {
12 silly mapToRegistry   raw: 'jquery',
12 silly mapToRegistry   scope: null,
12 silly mapToRegistry   escapedName: 'jquery',
12 silly mapToRegistry   name: 'jquery',
12 silly mapToRegistry   rawSpec: '',
12 silly mapToRegistry   spec: 'latest',
12 silly mapToRegistry   type: 'tag' }
13 silly mapToRegistry uri https://registry.npmjs.org/jquery
14 verbose request uri https://registry.npmjs.org/jquery
15 verbose request no auth needed
16 info attempt registry request try #1 at 21:05:35
17 verbose request id f077a8fe77a5119e
18 verbose etag W/"58361513-147e1"
19 verbose lastModified Wed, 23 Nov 2016 22:15:47 GMT
20 http request GET https://registry.npmjs.org/jquery
21 verbose stack Error: kill ENOSYS
21 verbose stack     at exports._errnoException (util.js:1026:11)
21 verbose stack     at process.kill (internal/process.js:173:13)
21 verbose stack     at process.listener (C:\Program Files\nodejs\node_modules\npm\node_modules\npmlog\node_modules\gauge\node_modules\signal-exit\index.js:86:15)
21 verbose stack     at emitNone (events.js:91:20)
21 verbose stack     at process.emit (events.js:185:7)
21 verbose stack     at processEmit (C:\Program Files\nodejs\node_modules\npm\node_modules\npmlog\node_modules\gauge\node_modules\signal-exit\index.js:146:32)
21 verbose stack     at processEmit (C:\Program Files\nodejs\node_modules\npm\node_modules\npm-registry-client\node_modules\npmlog\node_modules\gauge\node_modules\signal-exit\index.js:146:32)
21 verbose stack     at Signal.wrap.onsignal (internal/process.js:200:44)
22 verbose cwd D:\Code\My_Exercise_Projects\11.23_responsive
23 error Windows_NT 10.0.14393
24 error argv "C:\\Program Files\\nodejs\\node.exe" "C:\\Program Files\\nodejs\\node_modules\\npm\\bin\\npm-cli.js" "install" "jquery"
25 error node v7.0.0
26 error npm  v3.10.8
27 error code ENOSYS
28 error errno ENOSYS
29 error syscall kill
30 error kill ENOSYS
31 error If you need help, you may report this error at:
31 error     <https://github.com/npm/npm/issues>
32 verbose exit [ 1, true ]
